2022-08-05 13:15:14.974   Log opened. (Time zone: UTC+09:00)
2022-08-05 13:15:14.975   Setup version: Inno Setup version 5.5.9 (u)
2022-08-05 13:15:14.975   Original Setup EXE: C:\PROGRA~3\Lenovo\Vantage\ADDIND~1\LENOVO~1\session\REPOSI~1\WWDF0F~1\Setup.exe
2022-08-05 13:15:14.975   Setup command line: /SL5="$D062A,10474704,180224,C:\PROGRA~3\Lenovo\Vantage\ADDIND~1\LENOVO~1\session\REPOSI~1\WWDF0F~1\Setup.exe" /VERYSILENT /PRELOAD /LOG="C:\Setup.log"
2022-08-05 13:15:14.975   Windows version: 10.0.22000  (NT platform: Yes)
2022-08-05 13:15:14.975   64-bit Windows: Yes
2022-08-05 13:15:14.975   Processor architecture: x64
2022-08-05 13:15:14.975   User privileges: Administrative
2022-08-05 13:15:14.975   64-bit install mode: Yes
2022-08-05 13:15:14.980   Created temporary directory: C:\WINDOWS\TempInst\is-JR4S4.tmp
2022-08-05 13:15:14.983   Extracting temporary file: C:\WINDOWS\TempInst\is-JR4S4.tmp\devcon.exe
2022-08-05 13:15:14.986   Extracting temporary file: C:\WINDOWS\TempInst\is-JR4S4.tmp\InstallSetting.exe
2022-08-05 13:15:15.064   InstallParam=checkled preload -ledver 2.0.1.16 InstallSettingCode=0
2022-08-05 13:15:15.080   InstallParam=checkyled preload -yledver 2.1.1.16 InstallSettingCode=0
2022-08-05 13:15:15.094   InstallParam=checknetfilter preload -netfilterver 4.0.0.51 InstallSettingCode=1
2022-08-05 13:15:15.094   Extracting temporary file: C:\WINDOWS\TempInst\is-JR4S4.tmp\FBNetFlt.sys
2022-08-05 13:15:15.097   Extracting temporary file: C:\WINDOWS\TempInst\is-JR4S4.tmp\FBNetFilter.inf
2022-08-05 13:15:15.098   Extracting temporary file: C:\WINDOWS\TempInst\is-JR4S4.tmp\fbnetfilter.cat
2022-08-05 13:15:15.099   Extracting temporary file: C:\WINDOWS\TempInst\is-JR4S4.tmp\FBNetFilterInstall.exe
2022-08-05 13:15:15.976   InstallLedDriver InstallNetDriver=0
2022-08-05 13:15:16.034   InstallParam=checkxtu preload -xtu 7.4.2.9 InstallSettingCode=0
2022-08-05 13:15:16.035   ResultCode=0
2022-08-05 13:15:16.035   InitializeSetup returned False; aborting.
2022-08-05 13:15:16.035   Got EAbort exception.
2022-08-05 13:15:16.035   Deinitializing Setup.
2022-08-05 13:15:16.036   Log closed.
